ball_0.jpg 1 285 179 178 177
ball_1.jpg 1 285 200 122 122
ball_2.jpg 1 221 176 146 145
ball_3.jpg 1 158 83 102 103
ball_4.jpg 1 362 154 60 60
ball_5.jpg 1 297 185 87 86
ball_6.jpg 1 349 154 127 126
ball_7.jpg 1 230 235 70 70
ball_8.jpg 1 386 204 140 139
ball_9.jpg 1 258 270 108 109
ball_10.jpg 1 248 198 60 61
ball_11.jpg 1 299 188 59 59
ball_12.jpg 1 176 231 169 169
ball_13.jpg 1 271 147 65 65
ball_15.jpg 1 264 171 71 72
ball_16.jpg 1 317 256 74 74
ball_17.jpg 1 279 220 142 142
ball_18.jpg 1 272 153 135 136
ball_19.jpg 1 218 164 116 117
ball_20.jpg 1 277 187 115 115
ball_21.jpg 1 333 270 25 25
ball_22.jpg 1 158 176 96 96
ball_23.jpg 1 192 209 146 146
ball_24.jpg 1 277 214 52 52
ball_25.jpg 1 339 43 83 83
ball_26.jpg 1 263 251 146 147
ball_27.jpg 1 245 71 115 115
ball_28.jpg 1 289 103 203 203
ball_29.jpg 1 250 198 155 155
ball_30.jpg 1 325 264 33 34
ball_31.jpg 1 189 140 145 144
ball_32.jpg 1 184 137 137 137
ball_33.jpg 1 113 120 158 158
ball_34.jpg 1 260 116 194 193
ball_35.jpg 1 275 125 139 139
ball_36.jpg 1 182 299 195 181
ball_37.jpg 1 309 177 137 137
ball_38.jpg 1 377 312 78 77
ball_39.jpg 1 338 230 98 98
ball_40.jpg 1 298 109 115 115
ball_41.jpg 1 262 168 112 112
ball_42.jpg 1 336 172 132 132
ball_43.jpg 1 170 195 101 100
ball_44.jpg 1 244 198 32 32
ball_45.jpg 1 293 156 66 66
ball_46.jpg 1 315 235 73 73
ball_47.jpg 1 254 134 130 130
ball_48.jpg 1 276 231 37 37
ball_49.jpg 1 368 281 64 65
ball_50.jpg 1 238 222 115 115
ball_51.jpg 1 240 198 78 77
ball_52.jpg 1 231 228 122 122
ball_53.jpg 1 214 171 65 64
ball_54.jpg 1 235 74 102 102
ball_55.jpg 1 315 234 74 74
ball_56.jpg 1 294 158 161 161
ball_57.jpg 1 226 27 197 197
ball_58.jpg 1 220 180 114 115
ball_59.jpg 1 295 287 117 117
ball_60.jpg 1 270 305 62 63
ball_61.jpg 1 255 310 133 133
ball_62.jpg 1 398 120 54 54
ball_63.jpg 1 224 189 147 147
ball_64.jpg 1 284 226 130 131
ball_65.jpg 1 202 197 80 80
ball_66.jpg 1 315 176 66 66
ball_67.jpg 1 321 174 78 78
ball_68.jpg 1 265 222 34 35
ball_69.jpg 1 286 204 72 72
ball_70.jpg 1 208 156 99 99
ball_71.jpg 1 231 231 149 149
ball_72.jpg 1 208 209 156 157
ball_73.jpg 1 298 166 96 96
ball_74.jpg 1 290 225 83 83
ball_76.jpg 1 274 219 140 140
ball_77.jpg 1 300 161 127 127
ball_78.jpg 1 211 280 128 128
ball_79.jpg 1 286 148 116 117
ball_80.jpg 1 290 217 117 118
ball_81.jpg 1 485 95 100 100
ball_82.jpg 1 182 159 96 96
ball_83.jpg 1 386 296 74 75
ball_84.jpg 1 258 169 61 62
ball_85.jpg 1 304 154 140 140
ball_86.jpg 1 156 235 64 64
ball_87.jpg 1 286 240 26 26
ball_89.jpg 1 269 283 84 84
ball_90.jpg 1 201 311 122 123
ball_91.jpg 1 181 224 53 52
ball_92.jpg 1 284 212 49 49
ball_93.jpg 1 238 208 92 92
ball_95.jpg 1 230 264 70 70
ball_96.jpg 1 332 141 101 101
ball_97.jpg 1 200 175 67 67
ball_98.jpg 1 287 299 36 36
ball_99.jpg 1 209 192 41 40
ball_100.jpg 1 329 287 19 20
ball_101.jpg 1 228 136 99 99
ball_102.jpg 1 279 221 89 89
ball_103.jpg 1 281 240 71 71
ball_104.jpg 1 272 385 43 42
ball_105.jpg 1 316 156 119 119
ball_106.jpg 1 356 123 153 152
ball_107.jpg 1 170 201 57 58
ball_108.jpg 1 283 274 70 70
ball_109.jpg 1 257 197 90 90
ball_110.jpg 1 463 266 46 46
ball_111.jpg 1 300 184 116 116
ball_112.jpg 1 243 223 110 110
ball_113.jpg 1 234 153 119 119
ball_114.jpg 1 274 324 90 91
ball_115.jpg 1 235 232 114 113
ball_116.jpg 1 163 151 190 190
ball_117.jpg 1 308 232 62 61
ball_118.jpg 1 204 128 92 92
ball_119.jpg 1 125 134 174 174
ball_120.jpg 1 313 203 81 81
ball_121.jpg 1 306 251 24 24
ball_122.jpg 1 271 125 66 66
ball_123.jpg 1 214 227 96 97
ball_124.jpg 1 285 186 118 118
ball_125.jpg 1 105 230 97 97
ball_126.jpg 1 278 178 137 137
ball_127.jpg 1 305 204 150 151
ball_128.jpg 1 279 231 49 48
ball_129.jpg 1 210 176 117 118
ball_130.jpg 1 304 239 46 47
ball_131.jpg 1 227 121 145 145
ball_132.jpg 1 249 220 67 67
ball_133.jpg 1 205 269 107 107
ball_134.jpg 1 276 196 89 88
ball_135.jpg 1 259 177 63 63
ball_136.jpg 1 259 235 90 89
ball_137.jpg 1 224 275 143 142
ball_138.jpg 1 219 170 109 109
ball_139.jpg 1 214 270 102 101
ball_140.jpg 1 175 206 30 31
ball_141.jpg 1 263 181 64 64
ball_142.jpg 1 272 110 75 75
ball_143.jpg 1 231 202 126 126
ball_144.jpg 1 288 234 50 49
ball_145.jpg 1 349 160 58 59
ball_146.jpg 1 279 319 24 24
ball_147.jpg 1 274 191 112 112
ball_148.jpg 1 234 160 163 163
ball_150.jpg 1 267 228 97 97
ball_152.jpg 1 314 89 128 128
ball_153.jpg 1 195 100 85 85
ball_154.jpg 1 342 169 126 127
ball_155.jpg 1 266 163 118 119
ball_156.jpg 1 215 132 118 119
ball_157.jpg 1 357 206 124 124
ball_158.jpg 1 275 160 143 143
ball_159.jpg 1 282 215 75 75
ball_160.jpg 1 131 190 185 184
ball_161.jpg 1 275 240 60 60
ball_162.jpg 1 257 206 61 61
ball_163.jpg 1 236 222 115 115
ball_164.jpg 1 262 186 124 124
ball_165.jpg 1 205 120 147 147
ball_166.jpg 1 307 269 166 166
ball_167.jpg 1 230 220 32 32
ball_168.jpg 1 150 189 33 33
ball_169.jpg 1 279 316 79 79
ball_170.jpg 1 216 198 134 134
ball_171.jpg 1 240 256 99 100
ball_172.jpg 1 265 164 187 188
ball_174.jpg 1 265 157 142 143
ball_175.jpg 1 251 157 109 109
ball_176.jpg 1 92 180 169 169
ball_177.jpg 1 217 26 119 119
ball_178.jpg 1 119 99 152 152
ball_179.jpg 1 248 275 21 21
ball_180.jpg 1 185 130 234 234
ball_181.jpg 1 101 33 445 445
ball_184.jpg 1 209 292 46 45
ball_185.jpg 1 202 58 350 350
ball_186.jpg 1 305 169 139 139
ball_187.jpg 1 495 144 64 64
ball_189.jpg 1 69 77 355 355
ball_190.jpg 1 52 380 48 47
ball_191.jpg 1 477 188 35 35
ball_192.jpg 1 565 91 32 32
ball_194.jpg 1 165 167 26 26
ball_195.jpg 1 396 184 12 12
ball_196.jpg 1 547 268 20 20
ball_197.jpg 1 296 226 58 58
ball_198.jpg 1 235 145 256 255
ball_199.jpg 1 121 63 376 375
ball_201.jpg 1 76 345 13 14
ball_203.jpg 1 367 85 190 189
ball_204.jpg 1 564 301 24 24
ball_205.jpg 1 238 278 46 46
ball_206.jpg 1 70 69 23 24
ball_207.jpg 1 470 257 17 17
ball_208.jpg 1 65 248 140 140
ball_209.jpg 1 109 35 21 21
ball_210.jpg 1 55 16 477 464
ball_211.jpg 1 253 410 26 25
ball_212.jpg 1 549 171 70 70
ball_213.jpg 1 350 89 14 14
ball_215.jpg 1 334 201 35 34
ball_216.jpg 1 236 110 162 162
ball_217.jpg 1 340 167 223 222
ball_218.jpg 1 164 32 29 29
ball_219.jpg 1 149 90 331 332
ball_222.jpg 1 228 436 39 40
ball_223.jpg 1 234 21 28 28
ball_224.jpg 1 54 205 18 18
ball_225.jpg 1 127 49 375 375
ball_226.jpg 1 199 213 253 253
ball_227.jpg 1 357 25 10 10
ball_230.jpg 1 163 303 17 18
ball_231.jpg 1 386 135 19 20
ball_233.jpg 1 148 146 231 231
ball_234.jpg 1 210 175 70 70
ball_235.jpg 1 286 99 311 310
ball_236.jpg 1 123 89 79 80
ball_237.jpg 1 348 335 19 18
ball_238.jpg 1 398 215 32 32
ball_239.jpg 1 360 41 38 38
ball_240.jpg 1 147 168 19 20
ball_241.jpg 1 40 105 33 33
ball_242.jpg 1 157 293 115 115
ball_243.jpg 1 556 408 53 54
ball_244.jpg 1 353 398 41 41
ball_245.jpg 1 103 296 35 35
ball_246.jpg 1 155 106 228 227
ball_247.jpg 1 66 150 155 156
ball_248.jpg 1 89 1 448 447
ball_249.jpg 1 404 199 211 211
ball_251.jpg 1 462 206 19 18
ball_252.jpg 1 263 364 19 19
ball_253.jpg 1 355 112 238 237
ball_255.jpg 1 292 194 65 65
ball_256.jpg 1 177 67 398 397
ball_257.jpg 1 280 344 95 95
ball_258.jpg 1 22 420 45 45
ball_259.jpg 1 118 85 12 12
ball_260.jpg 1 109 205 128 127
ball_261.jpg 1 536 279 20 19
ball_262.jpg 1 581 242 29 29
ball_263.jpg 1 44 44 66 66
ball_264.jpg 1 145 288 19 19
ball_265.jpg 1 38 151 298 299
ball_266.jpg 1 431 302 96 96
ball_267.jpg 1 159 234 72 72
ball_268.jpg 1 533 279 37 37
ball_269.jpg 1 92 199 188 188
ball_270.jpg 1 226 105 204 203
ball_271.jpg 1 187 18 416 416
ball_272.jpg 1 307 386 58 57
ball_273.jpg 1 27 274 32 32
ball_274.jpg 1 80 241 37 37
ball_275.jpg 1 291 207 24 25
ball_276.jpg 1 485 222 63 63
ball_277.jpg 1 221 95 382 382
ball_279.jpg 1 326 177 76 75
ball_280.jpg 1 300 228 124 124
ball_281.jpg 1 376 139 84 83
ball_282.jpg 1 396 331 43 43
ball_283.jpg 1 273 127 228 229
ball_284.jpg 1 387 200 27 27
ball_285.jpg 1 260 271 34 34
ball_286.jpg 1 286 46 39 40
ball_287.jpg 1 204 95 11 11
ball_288.jpg 1 531 242 34 35
ball_289.jpg 1 231 125 15 15
ball_290.jpg 1 289 279 156 157
ball_292.jpg 1 287 328 48 48
ball_293.jpg 1 225 157 165 165
ball_294.jpg 1 261 47 323 323
ball_295.jpg 1 100 206 18 19
ball_297.jpg 1 455 274 17 16
ball_298.jpg 1 394 391 18 18
ball_299.jpg 1 114 33 435 435
ball_300.jpg 1 173 403 26 26
ball_301.jpg 1 283 158 46 46
ball_302.jpg 1 418 65 54 54
ball_303.jpg 1 102 245 145 146
ball_306.jpg 1 172 57 339 339
ball_307.jpg 1 545 115 12 13
ball_308.jpg 1 375 399 32 32
ball_310.jpg 1 311 352 24 24
ball_311.jpg 1 417 192 31 32
ball_312.jpg 1 154 62 17 17
ball_313.jpg 1 102 372 42 43
ball_314.jpg 1 476 29 18 19
ball_315.jpg 1 559 276 16 15
ball_316.jpg 1 197 93 264 264
ball_317.jpg 1 289 191 53 52
ball_318.jpg 1 154 229 33 34
ball_319.jpg 1 213 392 36 37
ball_320.jpg 1 430 26 18 17
ball_321.jpg 1 105 74 265 265
ball_322.jpg 1 51 22 367 367
ball_323.jpg 1 48 0 457 448
ball_324.jpg 1 369 199 27 27
ball_325.jpg 1 345 219 139 140
ball_326.jpg 1 85 245 46 46
ball_327.jpg 1 75 245 15 15
ball_328.jpg 1 434 335 61 62
ball_329.jpg 1 153 264 16 15
ball_330.jpg 1 47 52 34 35
ball_331.jpg 1 155 222 33 32
ball_332.jpg 1 327 89 44 44
ball_333.jpg 1 342 157 22 22
ball_334.jpg 1 325 411 49 49
ball_335.jpg 1 362 358 116 116
ball_336.jpg 1 292 206 32 32
ball_337.jpg 1 527 411 29 30
ball_338.jpg 1 280 416 63 63
ball_339.jpg 1 385 289 15 14
ball_340.jpg 1 123 168 65 64
ball_341.jpg 1 534 205 18 17
ball_342.jpg 1 492 172 31 31
ball_343.jpg 1 475 97 37 37
ball_344.jpg 1 403 286 30 30
ball_345.jpg 1 174 86 283 282
ball_346.jpg 1 78 192 51 52
ball_347.jpg 1 146 41 340 340
ball_348.jpg 1 449 205 31 31
ball_349.jpg 1 147 283 23 22
ball_350.jpg 1 347 236 218 219
ball_351.jpg 1 214 345 55 55
ball_352.jpg 1 65 209 23 24
ball_353.jpg 1 385 64 54 55
ball_355.jpg 1 168 76 53 52
ball_356.jpg 1 251 178 163 162
ball_357.jpg 1 125 182 46 46
ball_358.jpg 1 163 381 36 35
ball_360.jpg 1 82 363 60 59
ball_361.jpg 1 457 190 18 18
ball_362.jpg 1 164 97 305 305
ball_363.jpg 1 114 98 179 179
ball_364.jpg 1 282 250 23 23
ball_365.jpg 1 430 290 65 65
ball_367.jpg 1 127 186 16 17
ball_368.jpg 1 340 17 26 26
ball_369.jpg 1 106 26 427 428
ball_370.jpg 1 20 0 477 475
ball_371.jpg 1 86 152 82 82
ball_372.jpg 1 56 290 38 38
ball_373.jpg 1 330 266 58 58
ball_374.jpg 1 131 55 373 373
ball_375.jpg 1 386 161 158 158
ball_376.jpg 1 287 200 132 132
ball_377.jpg 1 182 382 34 34
ball_378.jpg 1 134 100 46 45
ball_379.jpg 1 139 82 312 312
ball_380.jpg 1 116 255 48 48
ball_381.jpg 1 382 301 81 81
ball_382.jpg 1 14 62 24 24
ball_383.jpg 1 365 61 17 17
ball_384.jpg 1 125 165 95 94
ball_385.jpg 1 375 73 182 182
ball_386.jpg 1 110 153 269 268
ball_387.jpg 1 222 52 317 317
ball_388.jpg 1 92 153 70 70
ball_389.jpg 1 255 157 164 164
ball_391.jpg 1 162 62 285 285
ball_392.jpg 1 162 45 398 397
ball_393.jpg 1 161 83 320 320
ball_394.jpg 1 530 340 17 18
ball_395.jpg 1 91 40 403 403
ball_396.jpg 1 82 20 429 429
ball_397.jpg 1 313 389 37 37
ball_398.jpg 1 133 199 115 115
ball_399.jpg 1 371 212 97 97
ball_400.jpg 1 114 134 252 253
ball_402.jpg 1 74 29 371 370
ball_404.jpg 1 403 118 35 36
ball_405.jpg 1 17 51 350 351
ball_406.jpg 1 47 51 126 126
ball_407.jpg 1 82 269 52 53
ball_408.jpg 1 117 164 14 15
ball_409.jpg 1 470 30 16 17
ball_411.jpg 1 259 108 324 324
ball_412.jpg 1 226 145 178 179
ball_413.jpg 1 76 368 61 60
ball_414.jpg 1 164 158 308 309
ball_416.jpg 1 437 236 45 44
ball_418.jpg 1 193 207 261 260
ball_419.jpg 1 314 201 217 217
ball_421.jpg 1 312 293 155 155
ball_422.jpg 1 61 327 51 51
ball_424.jpg 1 107 248 19 18
ball_425.jpg 1 131 17 377 376
ball_427.jpg 1 185 85 64 63
ball_428.jpg 1 96 157 46 46
ball_429.jpg 1 230 177 106 106
ball_430.jpg 1 95 136 28 28
ball_431.jpg 1 269 2 68 68
ball_432.jpg 1 189 87 256 257
ball_433.jpg 1 53 105 40 40
ball_434.jpg 1 480 362 28 29
ball_435.jpg 1 408 185 170 171
ball_436.jpg 1 205 104 20 20
ball_437.jpg 1 385 146 114 114
ball_438.jpg 1 170 196 36 36
ball_439.jpg 1 286 77 31 32
ball_441.jpg 1 292 214 182 181
ball_442.jpg 1 54 58 527 378
ball_444.jpg 1 491 342 60 59
ball_445.jpg 1 141 230 56 57
ball_446.jpg 1 507 425 30 30
ball_447.jpg 1 176 319 30 30
ball_448.jpg 1 101 15 397 398
ball_449.jpg 1 418 275 42 42
ball_450.jpg 1 346 316 14 13
ball_451.jpg 1 53 190 42 43
ball_452.jpg 1 91 213 34 35
ball_453.jpg 1 210 43 399 399
ball_454.jpg 1 162 158 302 301
ball_455.jpg 1 67 217 35 35
ball_456.jpg 1 263 273 29 30
ball_458.jpg 1 189 380 50 51
ball_459.jpg 1 49 73 315 315
ball_460.jpg 1 450 281 31 31
ball_461.jpg 1 575 281 27 27
ball_462.jpg 1 195 125 256 256
ball_463.jpg 1 354 258 18 18
ball_464.jpg 1 116 262 37 37
ball_465.jpg 1 142 45 355 355
ball_466.jpg 1 550 25 52 52
ball_467.jpg 1 523 213 28 28
ball_468.jpg 1 273 127 301 301
ball_469.jpg 1 476 285 29 28
ball_470.jpg 1 228 168 198 197
ball_471.jpg 1 123 30 413 413
ball_472.jpg 1 145 123 337 338
ball_473.jpg 1 257 118 34 34
ball_475.jpg 1 318 91 134 133
ball_476.jpg 1 116 16 450 450
ball_477.jpg 1 235 144 246 246
ball_478.jpg 1 344 132 59 59
ball_479.jpg 1 176 402 22 22
ball_480.jpg 1 98 10 447 447
ball_481.jpg 1 144 110 189 188
ball_482.jpg 1 151 233 39 40
ball_483.jpg 1 316 63 313 312
ball_484.jpg 1 192 209 257 257
ball_485.jpg 1 550 204 20 20
ball_486.jpg 1 97 340 37 37
ball_487.jpg 1 172 84 294 294
ball_488.jpg 1 97 12 439 440
ball_489.jpg 1 88 59 468 348
ball_490.jpg 1 150 284 35 35
ball_491.jpg 1 90 7 458 458
ball_492.jpg 1 307 174 142 141
ball_493.jpg 1 239 73 39 39
ball_494.jpg 1 105 23 43 43
ball_495.jpg 1 0 0 640 480
ball_496.jpg 1 117 99 136 137
ball_497.jpg 1 236 300 52 52
ball_498.jpg 1 43 86 47 47
ball_499.jpg 1 202 116 269 269
ball_500.jpg 1 349 161 214 214
ball_501.jpg 1 499 376 43 43
ball_502.jpg 1 0 0 640 480
ball_503.jpg 1 387 266 51 51
ball_504.jpg 1 294 169 138 137
ball_505.jpg 1 99 340 46 47
ball_507.jpg 1 227 129 138 138
ball_508.jpg 1 431 81 148 148
ball_509.jpg 1 50 102 380 378
ball_510.jpg 1 472 312 17 17
ball_511.jpg 1 114 296 18 18
ball_513.jpg 1 160 267 27 26
ball_514.jpg 1 23 58 380 380
ball_515.jpg 1 407 30 193 193
ball_516.jpg 1 126 18 399 400
ball_517.jpg 1 581 156 20 21
ball_518.jpg 1 199 345 33 32
ball_519.jpg 1 122 208 57 57
ball_520.jpg 1 438 403 37 38
ball_521.jpg 1 557 73 41 42
ball_522.jpg 1 0 0 640 480
ball_523.jpg 1 466 290 21 21
ball_524.jpg 1 459 313 32 33
ball_525.jpg 1 63 297 19 19
ball_526.jpg 1 181 261 63 63
ball_527.jpg 1 359 133 68 67
ball_528.jpg 1 488 347 62 62
ball_529.jpg 1 431 128 20 19
ball_531.jpg 1 474 269 50 50
ball_532.jpg 1 0 0 640 480
ball_533.jpg 1 147 59 29 29
ball_534.jpg 1 245 212 135 135
ball_536.jpg 1 41 13 543 409
ball_537.jpg 1 333 217 46 46
ball_538.jpg 1 168 99 276 276
ball_539.jpg 1 303 144 212 212
ball_540.jpg 1 181 236 41 41
ball_542.jpg 1 505 54 18 18
ball_543.jpg 1 328 333 112 113
ball_544.jpg 1 60 181 35 36
ball_545.jpg 1 225 129 217 217
ball_546.jpg 1 229 307 82 82
ball_547.jpg 1 300 190 42 42
ball_548.jpg 1 69 49 515 390
ball_549.jpg 1 84 268 53 53
ball_550.jpg 1 392 209 21 21
ball_551.jpg 1 162 70 345 344
ball_552.jpg 1 240 391 41 41
ball_553.jpg 1 0 0 640 480
ball_554.jpg 1 234 2 240 240
ball_555.jpg 1 176 308 32 32
ball_556.jpg 1 191 201 18 18
ball_557.jpg 1 500 2 33 33
ball_558.jpg 1 109 12 497 363
ball_559.jpg 1 259 49 19 19
ball_560.jpg 1 481 6 38 38
ball_562.jpg 1 472 377 42 42
ball_563.jpg 1 171 176 45 45
ball_564.jpg 1 154 200 31 31
ball_565.jpg 1 248 368 37 37
ball_566.jpg 1 64 193 42 42
ball_567.jpg 1 141 429 45 44
ball_569.jpg 1 86 78 290 291
ball_570.jpg 1 192 323 121 120
ball_571.jpg 1 190 216 19 18
ball_572.jpg 1 545 197 51 51
ball_573.jpg 1 408 270 92 93
ball_574.jpg 1 453 303 86 86
ball_575.jpg 1 177 244 49 49
ball_576.jpg 1 283 392 34 34
ball_577.jpg 1 214 334 60 61
ball_578.jpg 1 140 211 154 155
ball_579.jpg 1 538 211 31 32
ball_580.jpg 1 234 9 317 317
ball_581.jpg 1 0 0 640 480
ball_582.jpg 1 195 206 60 60
ball_583.jpg 1 0 0 640 480
ball_584.jpg 1 142 293 45 46
ball_585.jpg 1 48 203 28 28
ball_586.jpg 1 294 174 53 53
ball_587.jpg 1 392 228 31 31
ball_588.jpg 1 487 184 20 19
ball_589.jpg 1 401 141 26 25
ball_590.jpg 1 305 221 42 42
ball_591.jpg 1 395 134 16 16
ball_592.jpg 1 92 24 434 433
ball_593.jpg 1 263 136 96 95
ball_594.jpg 1 324 235 31 30
ball_595.jpg 1 272 48 50 51
ball_596.jpg 1 182 362 44 43
ball_597.jpg 1 557 234 30 31
ball_599.jpg 1 217 138 204 203
ball_600.jpg 1 423 312 30 29
ball_601.jpg 1 182 283 155 156
ball_602.jpg 1 468 296 25 25
ball_603.jpg 1 388 286 23 24
ball_604.jpg 1 153 185 124 125
ball_605.jpg 1 220 119 188 187
ball_606.jpg 1 232 141 248 248
ball_608.jpg 1 57 175 54 54
ball_609.jpg 1 132 55 381 380
ball_611.jpg 1 107 40 405 404
ball_612.jpg 1 138 231 18 18
ball_614.jpg 1 450 274 52 52
ball_615.jpg 1 62 34 514 395
ball_616.jpg 1 525 248 54 54
ball_617.jpg 1 17 111 15 15
ball_618.jpg 1 0 0 640 480
ball_619.jpg 1 39 320 74 73
ball_621.jpg 1 0 0 640 480
ball_622.jpg 1 183 264 102 102
ball_623.jpg 1 485 241 17 18
ball_624.jpg 1 263 142 159 158
ball_625.jpg 1 349 49 282 282
ball_626.jpg 1 260 34 157 157
ball_627.jpg 1 143 27 35 35
ball_628.jpg 1 133 85 323 323
ball_629.jpg 1 197 368 77 77
ball_630.jpg 1 301 222 125 124
ball_631.jpg 1 564 320 24 24
ball_632.jpg 1 297 200 154 153
ball_633.jpg 1 476 322 27 26
ball_634.jpg 1 0 0 640 480
ball_635.jpg 1 523 382 46 46
ball_636.jpg 1 251 234 15 15
ball_637.jpg 1 62 303 31 31
ball_638.jpg 1 465 197 53 54
ball_639.jpg 1 205 87 251 251
ball_640.jpg 1 406 131 21 21
ball_641.jpg 1 0 351 36 54
ball_642.jpg 1 493 389 46 46
ball_643.jpg 1 218 125 25 25
ball_644.jpg 1 321 82 21 21
ball_645.jpg 1 349 165 88 88
ball_646.jpg 1 278 314 19 18
ball_648.jpg 1 286 347 50 50
ball_649.jpg 1 178 284 44 44
ball_650.jpg 1 264 323 91 91
ball_651.jpg 1 52 40 532 394
ball_652.jpg 1 110 380 30 29
ball_653.jpg 1 265 258 91 91
ball_654.jpg 1 512 116 56 56
ball_655.jpg 1 309 96 15 15
ball_656.jpg 1 201 280 20 19
ball_657.jpg 1 285 93 15 15
ball_658.jpg 1 234 161 18 18
ball_659.jpg 1 162 435 47 45
ball_660.jpg 1 189 253 54 55
ball_661.jpg 1 218 121 223 223
ball_662.jpg 1 343 38 39 39
ball_663.jpg 1 382 350 151 130
ball_664.jpg 1 137 390 39 39
ball_665.jpg 1 223 311 171 169
ball_666.jpg 1 129 55 358 358
ball_667.jpg 1 122 155 42 43
ball_668.jpg 1 475 262 18 18
ball_669.jpg 1 99 337 34 34
ball_670.jpg 1 114 296 15 15
ball_671.jpg 1 399 125 34 34
ball_672.jpg 1 49 86 314 315
ball_673.jpg 1 143 68 334 335
ball_674.jpg 1 116 166 184 184
ball_675.jpg 1 388 299 35 36
ball_676.jpg 1 307 416 35 36
ball_677.jpg 1 71 46 501 389
ball_679.jpg 1 408 266 23 23
ball_680.jpg 1 415 184 85 84
ball_681.jpg 1 307 168 49 49
ball_682.jpg 1 436 308 86 85
ball_683.jpg 1 81 216 20 20
ball_684.jpg 1 197 207 263 263
ball_685.jpg 1 176 123 225 225
ball_686.jpg 1 153 57 322 322
ball_687.jpg 1 230 323 23 23
ball_688.jpg 1 459 115 16 16
ball_689.jpg 1 237 115 176 175
ball_691.jpg 1 0 0 640 480
ball_692.jpg 1 307 329 141 141
ball_693.jpg 1 69 57 487 330
ball_694.jpg 1 173 260 108 107
ball_695.jpg 1 447 213 47 48
ball_696.jpg 1 148 223 40 40
ball_697.jpg 1 249 229 141 141
ball_698.jpg 1 103 221 170 171
ball_699.jpg 1 70 360 40 40
ball_700.jpg 1 121 242 132 132
ball_701.jpg 1 30 27 558 418
ball_702.jpg 1 387 239 76 76
ball_703.jpg 1 486 280 49 50
ball_704.jpg 1 40 187 86 86
ball_705.jpg 1 346 153 222 222
ball_706.jpg 1 480 243 42 42
ball_707.jpg 1 414 194 27 27
ball_708.jpg 1 23 213 198 199
ball_709.jpg 1 470 259 15 14
ball_710.jpg 1 0 0 640 480
ball_711.jpg 1 112 162 186 186
ball_712.jpg 1 286 308 26 26
ball_713.jpg 1 379 225 116 116
ball_714.jpg 1 69 71 250 249
ball_715.jpg 1 473 255 14 13
ball_716.jpg 1 93 77 454 298
ball_717.jpg 1 169 56 162 162
ball_718.jpg 1 55 86 27 27
ball_719.jpg 1 269 110 18 18
ball_720.jpg 1 220 140 203 203
ball_721.jpg 1 422 121 32 33
ball_722.jpg 1 220 299 17 17
ball_723.jpg 1 47 63 545 335
ball_724.jpg 1 251 179 61 60
ball_725.jpg 1 226 171 165 166
ball_726.jpg 1 194 147 273 273
ball_727.jpg 1 82 189 164 165
ball_728.jpg 1 0 0 640 480
ball_729.jpg 1 452 177 29 29
ball_730.jpg 1 116 142 22 22
ball_731.jpg 1 100 37 423 423
ball_734.jpg 1 37 22 561 434
ball_735.jpg 1 113 278 50 50
ball_736.jpg 1 0 0 640 480
ball_738.jpg 1 180 104 14 14
ball_739.jpg 1 281 141 156 155
ball_740.jpg 1 340 144 73 73
ball_741.jpg 1 55 38 525 411
ball_742.jpg 1 524 149 22 22
ball_743.jpg 1 317 171 126 125
ball_744.jpg 1 407 8 11 12
ball_745.jpg 1 44 39 551 410
ball_746.jpg 1 479 390 38 39
ball_747.jpg 1 565 254 30 30
ball_748.jpg 1 139 47 351 351
ball_749.jpg 1 264 198 107 107
ball_750.jpg 1 424 325 75 74
ball_752.jpg 1 162 284 18 17
ball_753.jpg 1 0 0 640 480
ball_754.jpg 1 292 293 49 48
ball_755.jpg 1 479 257 26 26
ball_756.jpg 1 47 0 310 306
ball_757.jpg 1 313 422 44 43
ball_758.jpg 1 89 74 290 290
ball_759.jpg 1 206 98 222 222
ball_760.jpg 1 191 335 132 132
ball_761.jpg 1 131 18 377 377
ball_762.jpg 1 151 142 28 28
ball_763.jpg 1 0 0 640 480
ball_764.jpg 1 275 249 48 48
ball_765.jpg 1 136 208 29 30
ball_766.jpg 1 6 239 19 18
ball_767.jpg 1 410 356 37 37
ball_768.jpg 1 109 15 420 421
ball_769.jpg 1 259 371 21 21
ball_770.jpg 1 86 158 281 281
ball_771.jpg 1 98 23 442 442
ball_772.jpg 1 72 171 124 125
ball_773.jpg 1 116 15 399 399
ball_774.jpg 1 23 19 591 442
ball_775.jpg 1 545 122 38 38
ball_776.jpg 1 125 233 26 25
ball_779.jpg 1 114 31 17 16
ball_780.jpg 1 420 285 183 184
ball_781.jpg 1 479 92 42 41
ball_782.jpg 1 383 178 66 66
ball_783.jpg 1 137 153 236 237
ball_784.jpg 1 456 312 29 30
ball_785.jpg 1 203 336 43 43
ball_786.jpg 1 64 251 19 19
ball_787.jpg 1 225 143 13 13
ball_788.jpg 1 89 15 28 28
